<?xml version="1.0" encoding="UTF-8"?>
<!-- Generated by org.testng.reporters.JUnitReportReporter -->
<testsuite hostname="moataz" failures="0" tests="1" name="testpackage.TestClass" time="24.848" errors="0" timestamp="2022-09-10T23:40:54 EET" skipped="0">
  <testcase classname="testpackage.TestClass" name="addProductToCart" time="24.848"/>
  <system-out/>
</testsuite> <!-- testpackage.TestClass -->
